0 info it worked if it ends with ok
1 verbose cli [ 'C:\\Program Files\\nodejs\\node.exe',
1 verbose cli   'C:\\Users\\Administrator\\AppData\\Roaming\\npm\\node_modules\\npm\\bin\\npm-cli.js',
1 verbose cli   'start' ]
2 info using npm@3.10.9
3 info using node@v6.9.1
4 verbose run-script [ 'prestart', 'start', 'poststart' ]
5 info lifecycle es6-compile@1.0.0~prestart: es6-compile@1.0.0
6 silly lifecycle es6-compile@1.0.0~prestart: no script for prestart, continuing
7 info lifecycle es6-compile@1.0.0~start: es6-compile@1.0.0
8 verbose lifecycle es6-compile@1.0.0~start: unsafe-perm in lifecycle true
9 verbose lifecycle es6-compile@1.0.0~start: PATH: C:\Users\Administrator\AppData\Roaming\npm\node_modules\.npm_npminstall\node_modules\.3.10.9@npm\bin\node-gyp-bin;E:\project\ZPlatform\node_modules\.bin;C:\Users\Administrator\AppData\Local\GitHub\PortableGit_d76a6a98c9315931ec4927243517bc09e9b731a0\cmd;C:\Users\Administrator\AppData\Local\GitHub\PortableGit_d76a6a98c9315931ec4927243517bc09e9b731a0\usr\bin;C:\Users\Administrator\AppData\Local\GitHub\PortableGit_d76a6a98c9315931ec4927243517bc09e9b731a0\usr\share\git-tfs;C:\Users\Administrator\AppData\Local\Apps\2.0\RY74YYD1.X58\15HD7R2Z.NG7\gith..tion_317444273a93ac29_0003.0001_cbe40ecbe3e419d4;C:\Users\Administrator\AppData\Local\GitHub\lfs-amd64_1.2.0;C:\ProgramData\Oracle\Java\javapath;C:\WINDOWS\system32;C:\WINDOWS;C:\WINDOWS\System32\Wbem;C:\WINDOWS\System32\WindowsPowerShell\v1.0\;D:\Ruby23-x64\bin;C:\Program Files\nodejs\;C:\Ruby23-x64\bin;D:\Ruby23-x64\bin;C:\Users\Administrator\AppData\Local\Microsoft\WindowsApps;C:\Users\Administrator\AppData\Roaming\npm;C:\Windows\Microsoft.NET\Framework\v4.0.30319\
10 verbose lifecycle es6-compile@1.0.0~start: CWD: E:\project\ZPlatform
11 silly lifecycle es6-compile@1.0.0~start: Args: [ '/d /s /c', 'webpack-dev-server  --hot --inline --port 5000' ]
12 silly lifecycle es6-compile@1.0.0~start: Returned: code: 1  signal: null
13 info lifecycle es6-compile@1.0.0~start: Failed to exec start script
14 verbose stack Error: es6-compile@1.0.0 start: `webpack-dev-server  --hot --inline --port 5000`
14 verbose stack Exit status 1
14 verbose stack     at EventEmitter.<anonymous> (C:\Users\Administrator\AppData\Roaming\npm\node_modules\.npm_npminstall\node_modules\.3.10.9@npm\lib\utils\lifecycle.js:255:16)
14 verbose stack     at emitTwo (events.js:106:13)
14 verbose stack     at EventEmitter.emit (events.js:191:7)
14 verbose stack     at ChildProcess.<anonymous> (C:\Users\Administrator\AppData\Roaming\npm\node_modules\.npm_npminstall\node_modules\.3.10.9@npm\lib\utils\spawn.js:40:14)
14 verbose stack     at emitTwo (events.js:106:13)
14 verbose stack     at ChildProcess.emit (events.js:191:7)
14 verbose stack     at maybeClose (internal/child_process.js:877:16)
14 verbose stack     at Process.ChildProcess._handle.onexit (internal/child_process.js:226:5)
15 verbose pkgid es6-compile@1.0.0
16 verbose cwd E:\project\ZPlatform
17 error Windows_NT 10.0.14393
18 error argv "C:\\Program Files\\nodejs\\node.exe" "C:\\Users\\Administrator\\AppData\\Roaming\\npm\\node_modules\\npm\\bin\\npm-cli.js" "start"
19 error node v6.9.1
20 error npm  v3.10.9
21 error code ELIFECYCLE
22 error es6-compile@1.0.0 start: `webpack-dev-server  --hot --inline --port 5000`
22 error Exit status 1
23 error Failed at the es6-compile@1.0.0 start script 'webpack-dev-server  --hot --inline --port 5000'.
23 error Make sure you have the latest version of node.js and npm installed.
23 error If you do, this is most likely a problem with the es6-compile package,
23 error not with npm itself.
23 error Tell the author that this fails on your system:
23 error     webpack-dev-server  --hot --inline --port 5000
23 error You can get information on how to open an issue for this project with:
23 error     npm bugs es6-compile
23 error Or if that isn't available, you can get their info via:
23 error     npm owner ls es6-compile
23 error There is likely additional logging output above.
24 verbose exit [ 1, true ]
